Analysis & Synthesis report for riscv-fpga
Fri Feb 16 03:00:08 2024
Quartus II 64-Bit Version 13.0.1 Build 232 06/12/2013 Service Pack 1 SJ Web Edition


---------------------
; Table of Contents ;
---------------------
  1. Legal Notice
  2. Analysis & Synthesis Summary
  3. Analysis & Synthesis Settings
  4. Parallel Compilation
  5. Analysis & Synthesis Source Files Read
  6. Analysis & Synthesis Resource Usage Summary
  7. Analysis & Synthesis Resource Utilization by Entity
  8. General Register Statistics
  9. Multiplexer Restructuring Statistics (Restructuring Performed)
 10. Port Connectivity Checks: "arithmetic_unit:AU"
 11. Elapsed Time Per Partition
 12. Analysis & Synthesis Messages



----------------
; Legal Notice ;
----------------
Copyright (C) 1991-2013 Altera Corporation
Your use of Altera Corporation's design tools, logic functions 
and other software and tools, and its AMPP partner logic 
functions, and any output files from any of the foregoing 
(including device programming or simulation files), and any 
associated documentation or information are expressly subject 
to the terms and conditions of the Altera Program License 
Subscription Agreement, Altera MegaCore Function License 
Agreement, or other applicable license agreement, including, 
without limitation, that your use is for the sole purpose of 
programming logic devices manufactured by Altera and sold by 
Altera or its authorized distributors.  Please refer to the 
applicable agreement for further details.



+--------------------------------------------------------------------------------------+
; Analysis & Synthesis Summary                                                         ;
+------------------------------------+-------------------------------------------------+
; Analysis & Synthesis Status        ; Successful - Fri Feb 16 03:00:08 2024           ;
; Quartus II 64-Bit Version          ; 13.0.1 Build 232 06/12/2013 SP 1 SJ Web Edition ;
; Revision Name                      ; riscv-fpga                                      ;
; Top-level Entity Name              ; execution_unit                                  ;
; Family                             ; Cyclone II                                      ;
; Total logic elements               ; 1,193                                           ;
;     Total combinational functions  ; 1,193                                           ;
;     Dedicated logic registers      ; 0                                               ;
; Total registers                    ; 0                                               ;
; Total pins                         ; 205                                             ;
; Total virtual pins                 ; 0                                               ;
; Total memory bits                  ; 0                                               ;
; Embedded Multiplier 9-bit elements ; 0                                               ;
; Total PLLs                         ; 0                                               ;
+------------------------------------+-------------------------------------------------+


+----------------------------------------------------------------------------------------------------------------------+
; Analysis & Synthesis Settings                                                                                        ;
+----------------------------------------------------------------------------+--------------------+--------------------+
; Option                                                                     ; Setting            ; Default Value      ;
+----------------------------------------------------------------------------+--------------------+--------------------+
; Device                                                                     ; EP2C70F896C6       ;                    ;
; Top-level entity name                                                      ; execution_unit     ; riscv-fpga         ;
; Family name                                                                ; Cyclone II         ; Cyclone IV GX      ;
; Use smart compilation                                                      ; Off                ; Off                ;
; Enable parallel Assembler and TimeQuest Timing Analyzer during compilation ; On                 ; On                 ;
; Enable compact report table                                                ; Off                ; Off                ;
; Restructure Multiplexers                                                   ; Auto               ; Auto               ;
; Create Debugging Nodes for IP Cores                                        ; Off                ; Off                ;
; Preserve fewer node names                                                  ; On                 ; On                 ;
; Disable OpenCore Plus hardware evaluation                                  ; Off                ; Off                ;
; Verilog Version                                                            ; Verilog_2001       ; Verilog_2001       ;
; VHDL Version                                                               ; VHDL_1993          ; VHDL_1993          ;
; State Machine Processing                                                   ; Auto               ; Auto               ;
; Safe State Machine                                                         ; Off                ; Off                ;
; Extract Verilog State Machines                                             ; On                 ; On                 ;
; Extract VHDL State Machines                                                ; On                 ; On                 ;
; Ignore Verilog initial constructs                                          ; Off                ; Off                ;
; Iteration limit for constant Verilog loops                                 ; 5000               ; 5000               ;
; Iteration limit for non-constant Verilog loops                             ; 250                ; 250                ;
; Add Pass-Through Logic to Inferred RAMs                                    ; On                 ; On                 ;
; Infer RAMs from Raw Logic                                                  ; On                 ; On                 ;
; Parallel Synthesis                                                         ; On                 ; On                 ;
; DSP Block Balancing                                                        ; Auto               ; Auto               ;
; NOT Gate Push-Back                                                         ; On                 ; On                 ;
; Power-Up Don't Care                                                        ; On                 ; On                 ;
; Remove Redundant Logic Cells                                               ; Off                ; Off                ;
; Remove Duplicate Registers                                                 ; On                 ; On                 ;
; Ignore CARRY Buffers                                                       ; Off                ; Off                ;
; Ignore CASCADE Buffers                                                     ; Off                ; Off                ;
; Ignore GLOBAL Buffers                                                      ; Off                ; Off                ;
; Ignore ROW GLOBAL Buffers                                                  ; Off                ; Off                ;
; Ignore LCELL Buffers                                                       ; Off                ; Off                ;
; Ignore SOFT Buffers                                                        ; On                 ; On                 ;
; Limit AHDL Integers to 32 Bits                                             ; Off                ; Off                ;
; Optimization Technique                                                     ; Balanced           ; Balanced           ;
; Carry Chain Length                                                         ; 70                 ; 70                 ;
; Auto Carry Chains                                                          ; On                 ; On                 ;
; Auto Open-Drain Pins                                                       ; On                 ; On                 ;
; Perform WYSIWYG Primitive Resynthesis                                      ; Off                ; Off                ;
; Auto ROM Replacement                                                       ; On                 ; On                 ;
; Auto RAM Replacement                                                       ; On                 ; On                 ;
; Auto Shift Register Replacement                                            ; Auto               ; Auto               ;
; Allow Shift Register Merging across Hierarchies                            ; Auto               ; Auto               ;
; Auto Clock Enable Replacement                                              ; On                 ; On                 ;
; Strict RAM Replacement                                                     ; Off                ; Off                ;
; Allow Synchronous Control Signals                                          ; On                 ; On                 ;
; Force Use of Synchronous Clear Signals                                     ; Off                ; Off                ;
; Auto RAM to Logic Cell Conversion                                          ; Off                ; Off                ;
; Auto Resource Sharing                                                      ; Off                ; Off                ;
; Allow Any RAM Size For Recognition                                         ; Off                ; Off                ;
; Allow Any ROM Size For Recognition                                         ; Off                ; Off                ;
; Allow Any Shift Register Size For Recognition                              ; Off                ; Off                ;
; Use LogicLock Constraints during Resource Balancing                        ; On                 ; On                 ;
; Ignore translate_off and synthesis_off directives                          ; Off                ; Off                ;
; Timing-Driven Synthesis                                                    ; Off                ; Off                ;
; Report Parameter Settings                                                  ; On                 ; On                 ;
; Report Source Assignments                                                  ; On                 ; On                 ;
; Report Connectivity Checks                                                 ; On                 ; On                 ;
; Ignore Maximum Fan-Out Assignments                                         ; Off                ; Off                ;
; Synchronization Register Chain Length                                      ; 2                  ; 2                  ;
; PowerPlay Power Optimization                                               ; Normal compilation ; Normal compilation ;
; HDL message level                                                          ; Level2             ; Level2             ;
; Suppress Register Optimization Related Messages                            ; Off                ; Off                ;
; Number of Removed Registers Reported in Synthesis Report                   ; 5000               ; 5000               ;
; Number of Swept Nodes Reported in Synthesis Report                         ; 5000               ; 5000               ;
; Number of Inverted Registers Reported in Synthesis Report                  ; 100                ; 100                ;
; Clock MUX Protection                                                       ; On                 ; On                 ;
; Auto Gated Clock Conversion                                                ; Off                ; Off                ;
; Block Design Naming                                                        ; Auto               ; Auto               ;
; SDC constraint protection                                                  ; Off                ; Off                ;
; Synthesis Effort                                                           ; Auto               ; Auto               ;
; Shift Register Replacement - Allow Asynchronous Clear Signal               ; On                 ; On                 ;
; Pre-Mapping Resynthesis Optimization                                       ; Off                ; Off                ;
; Analysis & Synthesis Message Level                                         ; Medium             ; Medium             ;
; Disable Register Merging Across Hierarchies                                ; Auto               ; Auto               ;
; Resource Aware Inference For Block RAM                                     ; On                 ; On                 ;
; Synthesis Seed                                                             ; 1                  ; 1                  ;
+----------------------------------------------------------------------------+--------------------+--------------------+


Parallel compilation was disabled, but you have multiple processors available. Enable parallel compilation to reduce compilation time.
+-------------------------------------+
; Parallel Compilation                ;
+----------------------------+--------+
; Processors                 ; Number ;
+----------------------------+--------+
; Number detected on machine ; 12     ;
; Maximum allowed            ; 1      ;
+----------------------------+--------+


+----------------------------------------------------------------------------------------------------------------------------------------------+
; Analysis & Synthesis Source Files Read                                                                                                       ;
+----------------------------------+-----------------+------------------------+------------------------------------------------------+---------+
; File Name with User-Entered Path ; Used in Netlist ; File Type              ; File Name with Absolute Path                         ; Library ;
+----------------------------------+-----------------+------------------------+------------------------------------------------------+---------+
; adder1.v                         ; yes             ; User Verilog HDL File  ; C:/Users/Colton/Desktop/riscv-fpga/adder1.v          ;         ;
; adder64.v                        ; yes             ; User Verilog HDL File  ; C:/Users/Colton/Desktop/riscv-fpga/adder64.v         ;         ;
; arithmetic_unit.v                ; yes             ; User Verilog HDL File  ; C:/Users/Colton/Desktop/riscv-fpga/arithmetic_unit.v ;         ;
; logic_unit.v                     ; yes             ; User Verilog HDL File  ; C:/Users/Colton/Desktop/riscv-fpga/logic_unit.v      ;         ;
; sll64.v                          ; yes             ; User Verilog HDL File  ; C:/Users/Colton/Desktop/riscv-fpga/sll64.v           ;         ;
; srl64.v                          ; yes             ; User Verilog HDL File  ; C:/Users/Colton/Desktop/riscv-fpga/srl64.v           ;         ;
; sra64.v                          ; yes             ; User Verilog HDL File  ; C:/Users/Colton/Desktop/riscv-fpga/sra64.v           ;         ;
; shift_unit.v                     ; yes             ; User Verilog HDL File  ; C:/Users/Colton/Desktop/riscv-fpga/shift_unit.v      ;         ;
; execution_unit.v                 ; yes             ; User Verilog HDL File  ; C:/Users/Colton/Desktop/riscv-fpga/execution_unit.v  ;         ;
+----------------------------------+-----------------+------------------------+------------------------------------------------------+---------+


+-----------------------------------------------------+
; Analysis & Synthesis Resource Usage Summary         ;
+---------------------------------------------+-------+
; Resource                                    ; Usage ;
+---------------------------------------------+-------+
; Estimated Total logic elements              ; 1,193 ;
;                                             ;       ;
; Total combinational functions               ; 1193  ;
; Logic element usage by number of LUT inputs ;       ;
;     -- 4 input functions                    ; 967   ;
;     -- 3 input functions                    ; 192   ;
;     -- <=2 input functions                  ; 34    ;
;                                             ;       ;
; Logic elements by mode                      ;       ;
;     -- normal mode                          ; 1193  ;
;     -- arithmetic mode                      ; 0     ;
;                                             ;       ;
; Total registers                             ; 0     ;
;     -- Dedicated logic registers            ; 0     ;
;     -- I/O registers                        ; 0     ;
;                                             ;       ;
; I/O pins                                    ; 205   ;
; Embedded Multiplier 9-bit elements          ; 0     ;
; Maximum fan-out node                        ; B[1]  ;
; Maximum fan-out                             ; 194   ;
; Total fan-out                               ; 4581  ;
; Average fan-out                             ; 3.28  ;
+---------------------------------------------+-------+


+----------------------------------------------------------------------------------------------------------------------------------------------------------------------------------------------------------------------------------------------------------+
; Analysis & Synthesis Resource Utilization by Entity                                                                                                                                                                                                      ;
+--------------------------------------------+-------------------+--------------+-------------+--------------+---------+-----------+------+--------------+----------------------------------------------------------------------------------+--------------+
; Compilation Hierarchy Node                 ; LC Combinationals ; LC Registers ; Memory Bits ; DSP Elements ; DSP 9x9 ; DSP 18x18 ; Pins ; Virtual Pins ; Full Hierarchy Name                                                              ; Library Name ;
+--------------------------------------------+-------------------+--------------+-------------+--------------+---------+-----------+------+--------------+----------------------------------------------------------------------------------+--------------+
; |execution_unit                            ; 1193 (469)        ; 0 (0)        ; 0           ; 0            ; 0       ; 0         ; 205  ; 0            ; |execution_unit                                                                  ; work         ;
;    |arithmetic_unit:AU|                    ; 157 (28)          ; 0 (0)        ; 0           ; 0            ; 0       ; 0         ; 0    ; 0            ; |execution_unit|arithmetic_unit:AU                                               ; work         ;
;       |adder64:adder|                      ; 129 (1)           ; 0 (0)        ; 0           ; 0            ; 0       ; 0         ; 0    ; 0            ; |execution_unit|arithmetic_unit:AU|adder64:adder                                 ; work         ;
;          |adder1:adder1_inst_0|            ; 1 (1)             ; 0 (0)        ; 0           ; 0            ; 0       ; 0         ; 0    ; 0            ; |execution_unit|arithmetic_unit:AU|adder64:adder|adder1:adder1_inst_0            ; work         ;
;          |adder1:adders[10].adder1_inst_i| ; 2 (2)             ; 0 (0)        ; 0           ; 0            ; 0       ; 0         ; 0    ; 0            ; |execution_unit|arithmetic_unit:AU|adder64:adder|adder1:adders[10].adder1_inst_i ; work         ;
;          |adder1:adders[11].adder1_inst_i| ; 2 (2)             ; 0 (0)        ; 0           ; 0            ; 0       ; 0         ; 0    ; 0            ; |execution_unit|arithmetic_unit:AU|adder64:adder|adder1:adders[11].adder1_inst_i ; work         ;
;          |adder1:adders[12].adder1_inst_i| ; 2 (2)             ; 0 (0)        ; 0           ; 0            ; 0       ; 0         ; 0    ; 0            ; |execution_unit|arithmetic_unit:AU|adder64:adder|adder1:adders[12].adder1_inst_i ; work         ;
;          |adder1:adders[13].adder1_inst_i| ; 2 (2)             ; 0 (0)        ; 0           ; 0            ; 0       ; 0         ; 0    ; 0            ; |execution_unit|arithmetic_unit:AU|adder64:adder|adder1:adders[13].adder1_inst_i ; work         ;
;          |adder1:adders[14].adder1_inst_i| ; 2 (2)             ; 0 (0)        ; 0           ; 0            ; 0       ; 0         ; 0    ; 0            ; |execution_unit|arithmetic_unit:AU|adder64:adder|adder1:adders[14].adder1_inst_i ; work         ;
;          |adder1:adders[15].adder1_inst_i| ; 2 (2)             ; 0 (0)        ; 0           ; 0            ; 0       ; 0         ; 0    ; 0            ; |execution_unit|arithmetic_unit:AU|adder64:adder|adder1:adders[15].adder1_inst_i ; work         ;
;          |adder1:adders[16].adder1_inst_i| ; 2 (2)             ; 0 (0)        ; 0           ; 0            ; 0       ; 0         ; 0    ; 0            ; |execution_unit|arithmetic_unit:AU|adder64:adder|adder1:adders[16].adder1_inst_i ; work         ;
;          |adder1:adders[17].adder1_inst_i| ; 2 (2)             ; 0 (0)        ; 0           ; 0            ; 0       ; 0         ; 0    ; 0            ; |execution_unit|arithmetic_unit:AU|adder64:adder|adder1:adders[17].adder1_inst_i ; work         ;
;          |adder1:adders[18].adder1_inst_i| ; 2 (2)             ; 0 (0)        ; 0           ; 0            ; 0       ; 0         ; 0    ; 0            ; |execution_unit|arithmetic_unit:AU|adder64:adder|adder1:adders[18].adder1_inst_i ; work         ;
;          |adder1:adders[19].adder1_inst_i| ; 2 (2)             ; 0 (0)        ; 0           ; 0            ; 0       ; 0         ; 0    ; 0            ; |execution_unit|arithmetic_unit:AU|adder64:adder|adder1:adders[19].adder1_inst_i ; work         ;
;          |adder1:adders[1].adder1_inst_i|  ; 2 (2)             ; 0 (0)        ; 0           ; 0            ; 0       ; 0         ; 0    ; 0            ; |execution_unit|arithmetic_unit:AU|adder64:adder|adder1:adders[1].adder1_inst_i  ; work         ;
;          |adder1:adders[20].adder1_inst_i| ; 2 (2)             ; 0 (0)        ; 0           ; 0            ; 0       ; 0         ; 0    ; 0            ; |execution_unit|arithmetic_unit:AU|adder64:adder|adder1:adders[20].adder1_inst_i ; work         ;
;          |adder1:adders[21].adder1_inst_i| ; 2 (2)             ; 0 (0)        ; 0           ; 0            ; 0       ; 0         ; 0    ; 0            ; |execution_unit|arithmetic_unit:AU|adder64:adder|adder1:adders[21].adder1_inst_i ; work         ;
;          |adder1:adders[22].adder1_inst_i| ; 2 (2)             ; 0 (0)        ; 0           ; 0            ; 0       ; 0         ; 0    ; 0            ; |execution_unit|arithmetic_unit:AU|adder64:adder|adder1:adders[22].adder1_inst_i ; work         ;
;          |adder1:adders[23].adder1_inst_i| ; 2 (2)             ; 0 (0)        ; 0           ; 0            ; 0       ; 0         ; 0    ; 0            ; |execution_unit|arithmetic_unit:AU|adder64:adder|adder1:adders[23].adder1_inst_i ; work         ;
;          |adder1:adders[24].adder1_inst_i| ; 2 (2)             ; 0 (0)        ; 0           ; 0            ; 0       ; 0         ; 0    ; 0            ; |execution_unit|arithmetic_unit:AU|adder64:adder|adder1:adders[24].adder1_inst_i ; work         ;
;          |adder1:adders[25].adder1_inst_i| ; 2 (2)             ; 0 (0)        ; 0           ; 0            ; 0       ; 0         ; 0    ; 0            ; |execution_unit|arithmetic_unit:AU|adder64:adder|adder1:adders[25].adder1_inst_i ; work         ;
;          |adder1:adders[26].adder1_inst_i| ; 2 (2)             ; 0 (0)        ; 0           ; 0            ; 0       ; 0         ; 0    ; 0            ; |execution_unit|arithmetic_unit:AU|adder64:adder|adder1:adders[26].adder1_inst_i ; work         ;
;          |adder1:adders[27].adder1_inst_i| ; 2 (2)             ; 0 (0)        ; 0           ; 0            ; 0       ; 0         ; 0    ; 0            ; |execution_unit|arithmetic_unit:AU|adder64:adder|adder1:adders[27].adder1_inst_i ; work         ;
;          |adder1:adders[28].adder1_inst_i| ; 2 (2)             ; 0 (0)        ; 0           ; 0            ; 0       ; 0         ; 0    ; 0            ; |execution_unit|arithmetic_unit:AU|adder64:adder|adder1:adders[28].adder1_inst_i ; work         ;
;          |adder1:adders[29].adder1_inst_i| ; 2 (2)             ; 0 (0)        ; 0           ; 0            ; 0       ; 0         ; 0    ; 0            ; |execution_unit|arithmetic_unit:AU|adder64:adder|adder1:adders[29].adder1_inst_i ; work         ;
;          |adder1:adders[2].adder1_inst_i|  ; 2 (2)             ; 0 (0)        ; 0           ; 0            ; 0       ; 0         ; 0    ; 0            ; |execution_unit|arithmetic_unit:AU|adder64:adder|adder1:adders[2].adder1_inst_i  ; work         ;
;          |adder1:adders[30].adder1_inst_i| ; 2 (2)             ; 0 (0)        ; 0           ; 0            ; 0       ; 0         ; 0    ; 0            ; |execution_unit|arithmetic_unit:AU|adder64:adder|adder1:adders[30].adder1_inst_i ; work         ;
;          |adder1:adders[31].adder1_inst_i| ; 2 (2)             ; 0 (0)        ; 0           ; 0            ; 0       ; 0         ; 0    ; 0            ; |execution_unit|arithmetic_unit:AU|adder64:adder|adder1:adders[31].adder1_inst_i ; work         ;
;          |adder1:adders[32].adder1_inst_i| ; 2 (2)             ; 0 (0)        ; 0           ; 0            ; 0       ; 0         ; 0    ; 0            ; |execution_unit|arithmetic_unit:AU|adder64:adder|adder1:adders[32].adder1_inst_i ; work         ;
;          |adder1:adders[33].adder1_inst_i| ; 2 (2)             ; 0 (0)        ; 0           ; 0            ; 0       ; 0         ; 0    ; 0            ; |execution_unit|arithmetic_unit:AU|adder64:adder|adder1:adders[33].adder1_inst_i ; work         ;
;          |adder1:adders[34].adder1_inst_i| ; 2 (2)             ; 0 (0)        ; 0           ; 0            ; 0       ; 0         ; 0    ; 0            ; |execution_unit|arithmetic_unit:AU|adder64:adder|adder1:adders[34].adder1_inst_i ; work         ;
;          |adder1:adders[35].adder1_inst_i| ; 2 (2)             ; 0 (0)        ; 0           ; 0            ; 0       ; 0         ; 0    ; 0            ; |execution_unit|arithmetic_unit:AU|adder64:adder|adder1:adders[35].adder1_inst_i ; work         ;
;          |adder1:adders[36].adder1_inst_i| ; 2 (2)             ; 0 (0)        ; 0           ; 0            ; 0       ; 0         ; 0    ; 0            ; |execution_unit|arithmetic_unit:AU|adder64:adder|adder1:adders[36].adder1_inst_i ; work         ;
;          |adder1:adders[37].adder1_inst_i| ; 2 (2)             ; 0 (0)        ; 0           ; 0            ; 0       ; 0         ; 0    ; 0            ; |execution_unit|arithmetic_unit:AU|adder64:adder|adder1:adders[37].adder1_inst_i ; work         ;
;          |adder1:adders[38].adder1_inst_i| ; 2 (2)             ; 0 (0)        ; 0           ; 0            ; 0       ; 0         ; 0    ; 0            ; |execution_unit|arithmetic_unit:AU|adder64:adder|adder1:adders[38].adder1_inst_i ; work         ;
;          |adder1:adders[39].adder1_inst_i| ; 2 (2)             ; 0 (0)        ; 0           ; 0            ; 0       ; 0         ; 0    ; 0            ; |execution_unit|arithmetic_unit:AU|adder64:adder|adder1:adders[39].adder1_inst_i ; work         ;
;          |adder1:adders[3].adder1_inst_i|  ; 2 (2)             ; 0 (0)        ; 0           ; 0            ; 0       ; 0         ; 0    ; 0            ; |execution_unit|arithmetic_unit:AU|adder64:adder|adder1:adders[3].adder1_inst_i  ; work         ;
;          |adder1:adders[40].adder1_inst_i| ; 2 (2)             ; 0 (0)        ; 0           ; 0            ; 0       ; 0         ; 0    ; 0            ; |execution_unit|arithmetic_unit:AU|adder64:adder|adder1:adders[40].adder1_inst_i ; work         ;
;          |adder1:adders[41].adder1_inst_i| ; 2 (2)             ; 0 (0)        ; 0           ; 0            ; 0       ; 0         ; 0    ; 0            ; |execution_unit|arithmetic_unit:AU|adder64:adder|adder1:adders[41].adder1_inst_i ; work         ;
;          |adder1:adders[42].adder1_inst_i| ; 2 (2)             ; 0 (0)        ; 0           ; 0            ; 0       ; 0         ; 0    ; 0            ; |execution_unit|arithmetic_unit:AU|adder64:adder|adder1:adders[42].adder1_inst_i ; work         ;
;          |adder1:adders[43].adder1_inst_i| ; 2 (2)             ; 0 (0)        ; 0           ; 0            ; 0       ; 0         ; 0    ; 0            ; |execution_unit|arithmetic_unit:AU|adder64:adder|adder1:adders[43].adder1_inst_i ; work         ;
;          |adder1:adders[44].adder1_inst_i| ; 2 (2)             ; 0 (0)        ; 0           ; 0            ; 0       ; 0         ; 0    ; 0            ; |execution_unit|arithmetic_unit:AU|adder64:adder|adder1:adders[44].adder1_inst_i ; work         ;
;          |adder1:adders[45].adder1_inst_i| ; 2 (2)             ; 0 (0)        ; 0           ; 0            ; 0       ; 0         ; 0    ; 0            ; |execution_unit|arithmetic_unit:AU|adder64:adder|adder1:adders[45].adder1_inst_i ; work         ;
;          |adder1:adders[46].adder1_inst_i| ; 2 (2)             ; 0 (0)        ; 0           ; 0            ; 0       ; 0         ; 0    ; 0            ; |execution_unit|arithmetic_unit:AU|adder64:adder|adder1:adders[46].adder1_inst_i ; work         ;
;          |adder1:adders[47].adder1_inst_i| ; 2 (2)             ; 0 (0)        ; 0           ; 0            ; 0       ; 0         ; 0    ; 0            ; |execution_unit|arithmetic_unit:AU|adder64:adder|adder1:adders[47].adder1_inst_i ; work         ;
;          |adder1:adders[48].adder1_inst_i| ; 2 (2)             ; 0 (0)        ; 0           ; 0            ; 0       ; 0         ; 0    ; 0            ; |execution_unit|arithmetic_unit:AU|adder64:adder|adder1:adders[48].adder1_inst_i ; work         ;
;          |adder1:adders[49].adder1_inst_i| ; 2 (2)             ; 0 (0)        ; 0           ; 0            ; 0       ; 0         ; 0    ; 0            ; |execution_unit|arithmetic_unit:AU|adder64:adder|adder1:adders[49].adder1_inst_i ; work         ;
;          |adder1:adders[4].adder1_inst_i|  ; 2 (2)             ; 0 (0)        ; 0           ; 0            ; 0       ; 0         ; 0    ; 0            ; |execution_unit|arithmetic_unit:AU|adder64:adder|adder1:adders[4].adder1_inst_i  ; work         ;
;          |adder1:adders[50].adder1_inst_i| ; 2 (2)             ; 0 (0)        ; 0           ; 0            ; 0       ; 0         ; 0    ; 0            ; |execution_unit|arithmetic_unit:AU|adder64:adder|adder1:adders[50].adder1_inst_i ; work         ;
;          |adder1:adders[51].adder1_inst_i| ; 2 (2)             ; 0 (0)        ; 0           ; 0            ; 0       ; 0         ; 0    ; 0            ; |execution_unit|arithmetic_unit:AU|adder64:adder|adder1:adders[51].adder1_inst_i ; work         ;
;          |adder1:adders[52].adder1_inst_i| ; 2 (2)             ; 0 (0)        ; 0           ; 0            ; 0       ; 0         ; 0    ; 0            ; |execution_unit|arithmetic_unit:AU|adder64:adder|adder1:adders[52].adder1_inst_i ; work         ;
;          |adder1:adders[53].adder1_inst_i| ; 2 (2)             ; 0 (0)        ; 0           ; 0            ; 0       ; 0         ; 0    ; 0            ; |execution_unit|arithmetic_unit:AU|adder64:adder|adder1:adders[53].adder1_inst_i ; work         ;
;          |adder1:adders[54].adder1_inst_i| ; 2 (2)             ; 0 (0)        ; 0           ; 0            ; 0       ; 0         ; 0    ; 0            ; |execution_unit|arithmetic_unit:AU|adder64:adder|adder1:adders[54].adder1_inst_i ; work         ;
;          |adder1:adders[55].adder1_inst_i| ; 2 (2)             ; 0 (0)        ; 0           ; 0            ; 0       ; 0         ; 0    ; 0            ; |execution_unit|arithmetic_unit:AU|adder64:adder|adder1:adders[55].adder1_inst_i ; work         ;
;          |adder1:adders[56].adder1_inst_i| ; 2 (2)             ; 0 (0)        ; 0           ; 0            ; 0       ; 0         ; 0    ; 0            ; |execution_unit|arithmetic_unit:AU|adder64:adder|adder1:adders[56].adder1_inst_i ; work         ;
;          |adder1:adders[57].adder1_inst_i| ; 2 (2)             ; 0 (0)        ; 0           ; 0            ; 0       ; 0         ; 0    ; 0            ; |execution_unit|arithmetic_unit:AU|adder64:adder|adder1:adders[57].adder1_inst_i ; work         ;
;          |adder1:adders[58].adder1_inst_i| ; 2 (2)             ; 0 (0)        ; 0           ; 0            ; 0       ; 0         ; 0    ; 0            ; |execution_unit|arithmetic_unit:AU|adder64:adder|adder1:adders[58].adder1_inst_i ; work         ;
;          |adder1:adders[59].adder1_inst_i| ; 2 (2)             ; 0 (0)        ; 0           ; 0            ; 0       ; 0         ; 0    ; 0            ; |execution_unit|arithmetic_unit:AU|adder64:adder|adder1:adders[59].adder1_inst_i ; work         ;
;          |adder1:adders[5].adder1_inst_i|  ; 2 (2)             ; 0 (0)        ; 0           ; 0            ; 0       ; 0         ; 0    ; 0            ; |execution_unit|arithmetic_unit:AU|adder64:adder|adder1:adders[5].adder1_inst_i  ; work         ;
;          |adder1:adders[60].adder1_inst_i| ; 2 (2)             ; 0 (0)        ; 0           ; 0            ; 0       ; 0         ; 0    ; 0            ; |execution_unit|arithmetic_unit:AU|adder64:adder|adder1:adders[60].adder1_inst_i ; work         ;
;          |adder1:adders[61].adder1_inst_i| ; 2 (2)             ; 0 (0)        ; 0           ; 0            ; 0       ; 0         ; 0    ; 0            ; |execution_unit|arithmetic_unit:AU|adder64:adder|adder1:adders[61].adder1_inst_i ; work         ;
;          |adder1:adders[62].adder1_inst_i| ; 2 (2)             ; 0 (0)        ; 0           ; 0            ; 0       ; 0         ; 0    ; 0            ; |execution_unit|arithmetic_unit:AU|adder64:adder|adder1:adders[62].adder1_inst_i ; work         ;
;          |adder1:adders[63].adder1_inst_i| ; 3 (3)             ; 0 (0)        ; 0           ; 0            ; 0       ; 0         ; 0    ; 0            ; |execution_unit|arithmetic_unit:AU|adder64:adder|adder1:adders[63].adder1_inst_i ; work         ;
;          |adder1:adders[6].adder1_inst_i|  ; 2 (2)             ; 0 (0)        ; 0           ; 0            ; 0       ; 0         ; 0    ; 0            ; |execution_unit|arithmetic_unit:AU|adder64:adder|adder1:adders[6].adder1_inst_i  ; work         ;
;          |adder1:adders[7].adder1_inst_i|  ; 2 (2)             ; 0 (0)        ; 0           ; 0            ; 0       ; 0         ; 0    ; 0            ; |execution_unit|arithmetic_unit:AU|adder64:adder|adder1:adders[7].adder1_inst_i  ; work         ;
;          |adder1:adders[8].adder1_inst_i|  ; 2 (2)             ; 0 (0)        ; 0           ; 0            ; 0       ; 0         ; 0    ; 0            ; |execution_unit|arithmetic_unit:AU|adder64:adder|adder1:adders[8].adder1_inst_i  ; work         ;
;          |adder1:adders[9].adder1_inst_i|  ; 2 (2)             ; 0 (0)        ; 0           ; 0            ; 0       ; 0         ; 0    ; 0            ; |execution_unit|arithmetic_unit:AU|adder64:adder|adder1:adders[9].adder1_inst_i  ; work         ;
;    |logic_unit:LU|                         ; 5 (5)             ; 0 (0)        ; 0           ; 0            ; 0       ; 0         ; 0    ; 0            ; |execution_unit|logic_unit:LU                                                    ; work         ;
;    |shift_unit:SU|                         ; 562 (53)          ; 0 (0)        ; 0           ; 0            ; 0       ; 0         ; 0    ; 0            ; |execution_unit|shift_unit:SU                                                    ; work         ;
;       |sll64:sll64_1|                      ; 212 (212)         ; 0 (0)        ; 0           ; 0            ; 0       ; 0         ; 0    ; 0            ; |execution_unit|shift_unit:SU|sll64:sll64_1                                      ; work         ;
;       |srl64:srl64_1|                      ; 297 (297)         ; 0 (0)        ; 0           ; 0            ; 0       ; 0         ; 0    ; 0            ; |execution_unit|shift_unit:SU|srl64:srl64_1                                      ; work         ;
+--------------------------------------------+-------------------+--------------+-------------+--------------+---------+-----------+------+--------------+----------------------------------------------------------------------------------+--------------+
Note: For table entries with two numbers listed, the numbers in parentheses indicate the number of resources of the given type used by the specific entity alone. The numbers listed outside of parentheses indicate the total resources of the given type used by the specific entity and all of its sub-entities in the hierarchy.


+------------------------------------------------------+
; General Register Statistics                          ;
+----------------------------------------------+-------+
; Statistic                                    ; Value ;
+----------------------------------------------+-------+
; Total registers                              ; 0     ;
; Number of registers using Synchronous Clear  ; 0     ;
; Number of registers using Synchronous Load   ; 0     ;
; Number of registers using Asynchronous Clear ; 0     ;
; Number of registers using Asynchronous Load  ; 0     ;
; Number of registers using Clock Enable       ; 0     ;
; Number of registers using Preset             ; 0     ;
+----------------------------------------------+-------+


+------------------------------------------------------------------------------------------------------------------------------------------------------------------+
; Multiplexer Restructuring Statistics (Restructuring Performed)                                                                                                   ;
+--------------------+-----------+---------------+----------------------+------------------------+------------+----------------------------------------------------+
; Multiplexer Inputs ; Bus Width ; Baseline Area ; Area if Restructured ; Saving if Restructured ; Registered ; Example Multiplexer Output                         ;
+--------------------+-----------+---------------+----------------------+------------------------+------------+----------------------------------------------------+
; 3:1                ; 8 bits    ; 16 LEs        ; 16 LEs               ; 0 LEs                  ; No         ; |execution_unit|shift_unit:SU|srl64:srl64_1|Mux49  ;
; 4:1                ; 29 bits   ; 58 LEs        ; 58 LEs               ; 0 LEs                  ; No         ; |execution_unit|shift_unit:SU|srl64:srl64_1|Mux132 ;
; 3:1                ; 32 bits   ; 64 LEs        ; 64 LEs               ; 0 LEs                  ; No         ; |execution_unit|shift_unit:SU|srl64:srl64_1|Mux5   ;
; 3:1                ; 16 bits   ; 32 LEs        ; 32 LEs               ; 0 LEs                  ; No         ; |execution_unit|shift_unit:SU|sll64:sll64_1|Mux15  ;
; 4:1                ; 8 bits    ; 16 LEs        ; 16 LEs               ; 0 LEs                  ; No         ; |execution_unit|shift_unit:SU|sll64:sll64_1|Mux105 ;
; 5:1                ; 6 bits    ; 18 LEs        ; 18 LEs               ; 0 LEs                  ; No         ; |execution_unit|shift_unit:SU|srl64:srl64_1|Mux104 ;
; 14:1               ; 31 bits   ; 279 LEs       ; 248 LEs              ; 31 LEs                 ; No         ; |execution_unit|Mux4                               ;
; 16:1               ; 28 bits   ; 280 LEs       ; 280 LEs              ; 0 LEs                  ; No         ; |execution_unit|Mux42                              ;
+--------------------+-----------+---------------+----------------------+------------------------+------------+----------------------------------------------------+


+---------------------------------------------------+
; Port Connectivity Checks: "arithmetic_unit:AU"    ;
+------+--------+----------+------------------------+
; Port ; Type   ; Severity ; Details                ;
+------+--------+----------+------------------------+
; AddY ; Output ; Info     ; Explicitly unconnected ;
+------+--------+----------+------------------------+


+-------------------------------+
; Elapsed Time Per Partition    ;
+----------------+--------------+
; Partition Name ; Elapsed Time ;
+----------------+--------------+
; Top            ; 00:00:03     ;
+----------------+--------------+


+-------------------------------+
; Analysis & Synthesis Messages ;
+-------------------------------+
Info: *******************************************************************
Info: Running Quartus II 64-Bit Analysis & Synthesis
    Info: Version 13.0.1 Build 232 06/12/2013 Service Pack 1 SJ Web Edition
    Info: Processing started: Fri Feb 16 03:00:04 2024
Info: Command: quartus_map --read_settings_files=on --write_settings_files=off riscv-fpga -c riscv-fpga
Warning (20028): Parallel compilation is not licensed and has been disabled
Info (12021): Found 1 design units, including 1 entities, in source file adder1.v
    Info (12023): Found entity 1: adder1
Info (12021): Found 1 design units, including 1 entities, in source file adder64.v
    Info (12023): Found entity 1: adder64
Info (12021): Found 1 design units, including 1 entities, in source file arithmetic_unit.v
    Info (12023): Found entity 1: arithmetic_unit
Info (12021): Found 1 design units, including 1 entities, in source file logic_unit.v
    Info (12023): Found entity 1: logic_unit
Info (12021): Found 1 design units, including 1 entities, in source file sll64.v
    Info (12023): Found entity 1: sll64
Info (12021): Found 1 design units, including 1 entities, in source file srl64.v
    Info (12023): Found entity 1: srl64
Info (12021): Found 1 design units, including 1 entities, in source file sra64.v
    Info (12023): Found entity 1: sra64
Info (12021): Found 1 design units, including 1 entities, in source file shift_unit.v
    Info (12023): Found entity 1: shift_unit
Info (12021): Found 1 design units, including 1 entities, in source file execution_unit.v
    Info (12023): Found entity 1: execution_unit
Info (12127): Elaborating entity "execution_unit" for the top level hierarchy
Info (12128): Elaborating entity "arithmetic_unit" for hierarchy "arithmetic_unit:AU"
Info (12128): Elaborating entity "adder64" for hierarchy "arithmetic_unit:AU|adder64:adder"
Info (12128): Elaborating entity "adder1" for hierarchy "arithmetic_unit:AU|adder64:adder|adder1:adder1_inst_0"
Info (12128): Elaborating entity "shift_unit" for hierarchy "shift_unit:SU"
Info (12128): Elaborating entity "sll64" for hierarchy "shift_unit:SU|sll64:sll64_1"
Info (12128): Elaborating entity "srl64" for hierarchy "shift_unit:SU|srl64:srl64_1"
Info (12128): Elaborating entity "sra64" for hierarchy "shift_unit:SU|sra64:sra64_1"
Info (12128): Elaborating entity "logic_unit" for hierarchy "logic_unit:LU"
Info (16010): Generating hard_block partition "hard_block:auto_generated_inst"
    Info (16011): Adding 0 node(s), including 0 DDIO, 0 PLL, 0 transceiver and 0 LCELL
Info (21057): Implemented 1398 device resources after synthesis - the final resource count might be different
    Info (21058): Implemented 136 input pins
    Info (21059): Implemented 69 output pins
    Info (21061): Implemented 1193 logic cells
Info: Quartus II 64-Bit Analysis & Synthesis was successful. 0 errors, 1 warning
    Info: Peak virtual memory: 4611 megabytes
    Info: Processing ended: Fri Feb 16 03:00:08 2024
    Info: Elapsed time: 00:00:04
    Info: Total CPU time (on all processors): 00:00:04


